\BOOKMARK [1][-]{section.1}{\376\377\000O\000v\000e\000r\000v\000i\000e\000w}{}% 1
\BOOKMARK [1][-]{section.2}{\376\377\000A\000r\000c\000h\000i\000t\000e\000c\000t\000u\000r\000e}{}% 2
\BOOKMARK [2][-]{subsection.2.1}{\376\377\000S\000y\000s\000t\000e\000m\000\040\000O\000v\000e\000r\000v\000i\000e\000w}{section.2}% 3
\BOOKMARK [2][-]{subsection.2.2}{\376\377\000F\000r\000o\000n\000t\000e\000n\000d\000\040\000\050\000G\000i\000t\000H\000u\000b\000\040\000P\000a\000g\000e\000s\000\051}{section.2}% 4
\BOOKMARK [2][-]{subsection.2.3}{\376\377\000S\000e\000r\000v\000e\000r\000l\000e\000s\000s\000\040\000A\000P\000I\000\040\000P\000r\000o\000x\000y\000\040\000\050\000C\000l\000o\000u\000d\000f\000l\000a\000r\000e\000\040\000W\000o\000r\000k\000e\000r\000\051}{section.2}% 5
\BOOKMARK [3][-]{subsubsection.2.3.1}{\376\377\000W\000h\000y\000\040\000N\000o\000t\000\040\000U\000s\000e\000\040\000V\000I\000T\000E\000\137\000\040\000E\000n\000v\000i\000r\000o\000n\000m\000e\000n\000t\000\040\000V\000a\000r\000i\000a\000b\000l\000e\000s\000?}{subsection.2.3}% 6
\BOOKMARK [3][-]{subsubsection.2.3.2}{\376\377\000M\000a\000n\000a\000g\000i\000n\000g\000\040\000t\000h\000e\000\040\000W\000o\000r\000k\000e\000r}{subsection.2.3}% 7
\BOOKMARK [2][-]{subsection.2.4}{\376\377\000P\000r\000o\000g\000r\000e\000s\000s\000i\000v\000e\000\040\000W\000e\000b\000\040\000A\000p\000p\000\040\000\050\000P\000W\000A\000\051}{section.2}% 8
\BOOKMARK [2][-]{subsection.2.5}{\376\377\000D\000a\000t\000a\000\040\000F\000l\000o\000w}{section.2}% 9
\BOOKMARK [1][-]{section.3}{\376\377\000F\000e\000a\000t\000u\000r\000e\000s}{}% 10
\BOOKMARK [2][-]{subsection.3.1}{\376\377\000I\000n\000t\000e\000r\000a\000c\000t\000i\000v\000e\000\040\000M\000a\000p}{section.3}% 11
\BOOKMARK [2][-]{subsection.3.2}{\376\377\000G\000a\000u\000g\000e\000\040\000C\000h\000a\000r\000t}{section.3}% 12
\BOOKMARK [2][-]{subsection.3.3}{\376\377\000A\000I\000-\000G\000e\000n\000e\000r\000a\000t\000e\000d\000\040\000S\000t\000o\000r\000y}{section.3}% 13
\BOOKMARK [1][-]{section.4}{\376\377\000S\000e\000t\000u\000p}{}% 14
\BOOKMARK [2][-]{subsection.4.1}{\376\377\000P\000r\000e\000r\000e\000q\000u\000i\000s\000i\000t\000e\000s}{section.4}% 15
\BOOKMARK [2][-]{subsection.4.2}{\376\377\000I\000n\000s\000t\000a\000l\000l\000a\000t\000i\000o\000n}{section.4}% 16
\BOOKMARK [2][-]{subsection.4.3}{\376\377\000A\000P\000I\000\040\000K\000e\000y\000\040\000C\000o\000n\000f\000i\000g\000u\000r\000a\000t\000i\000o\000n}{section.4}% 17
\BOOKMARK [2][-]{subsection.4.4}{\376\377\000R\000u\000n\000n\000i\000n\000g\000\040\000L\000o\000c\000a\000l\000l\000y}{section.4}% 18
\BOOKMARK [2][-]{subsection.4.5}{\376\377\000D\000e\000p\000l\000o\000y\000i\000n\000g}{section.4}% 19
\BOOKMARK [1][-]{section.5}{\376\377\000L\000i\000c\000e\000n\000s\000e}{}% 20
